<?xml version="1.0" encoding="UTF-8"?>
<!-- Generated by org.testng.reporters.JUnitReportReporter -->
<testsuite skipped="0" hostname="sameeksha.india.quark.com" name="testScripts.Test1" tests="1" failures="0" timestamp="07 Jan 2019 07:02:04 GMT" time="0.009" errors="0">
  <testcase name="test" time="0.009" classname="testScripts.Test1"/>
</testsuite> <!-- testScripts.Test1 -->
